#
# There is insufficient memory for the Java Runtime Environment to continue.
# Native memory allocation (mmap) failed to map 264241152 bytes for Failed to commit area from 0x0000000704a00000 to 0x0000000714600000 of length 264241152.
# Possible reasons:
#   The system is out of physical RAM or swap space
#   The process is running with CompressedOops enabled, and the Java Heap may be blocking the growth of the native heap
# Possible solutions:
#   Reduce memory load on the system
#   Increase physical memory or swap space
#   Check if swap backing store is full
#   Decrease Java heap size (-Xmx/-Xms)
#   Decrease number of Java threads
#   Decrease Java thread stack sizes (-Xss)
#   Set larger code cache with -XX:ReservedCodeCacheSize=
# This output file may be truncated or incomplete.
#
#  Out of Memory Error (./src/hotspot/os/windows/os_windows.cpp:3387), pid=1328, tid=27284
#
# JRE version:  (11.0.14.1+1) (build )
# Java VM: OpenJDK 64-Bit Server VM (11.0.14.1+1, mixed mode, sharing, tiered, compressed oops, g1 gc, windows-amd64)
# No core dump will be written. Minidumps are not enabled by default on client versions of Windows
#

---------------  S U M M A R Y ------------

Command Line: -Dcom.android.sdklib.toolsdir=C:\Program Files\Unity\Hub\Editor\2022.3.40f1\Editor\Data\PlaybackEngines\AndroidPlayer\SDK\cmdline-tools\6.0\bin\\.. com.android.sdklib.tool.sdkmanager.SdkManagerCli --list

Host: 13th Gen Intel(R) Core(TM) i7-13620H, 16 cores, 15G,  Windows 11 , 64 bit Build 22621 (10.0.22621.4391)
Time: Tue Jan 14 15:01:22 2025 W. Europe Standard Time elapsed time: 0.009096 seconds (0d 0h 0m 0s)

---------------  T H R E A D  ---------------

Current thread (0x0000014fc0361000):  JavaThread "Unknown thread" [_thread_in_vm, id=27284, stack(0x0000002e91100000,0x0000002e91200000)]

Stack: [0x0000002e91100000,0x0000002e91200000]
Native frames: (J=compiled Java code, j=interpreted, Vv=VM code, C=native code)
V  [jvm.dll+0x61e59a]
V  [jvm.dll+0x7aaca9]
V  [jvm.dll+0x7ac398]
V  [jvm.dll+0x7aca73]
V  [jvm.dll+0x24f9b8]
V  [jvm.dll+0x61b83a]
V  [jvm.dll+0x6100c5]
V  [jvm.dll+0x30772c]
V  [jvm.dll+0x3075b2]
V  [jvm.dll+0x30c2d6]
V  [jvm.dll+0x35272f]
V  [jvm.dll+0x352160]
V  [jvm.dll+0x2e4728]
V  [jvm.dll+0x2e5886]
V  [jvm.dll+0x784b07]
V  [jvm.dll+0x78628f]
V  [jvm.dll+0x35f479]
V  [jvm.dll+0x767aa0]
V  [jvm.dll+0x3ccf1f]
V  [jvm.dll+0x3cf2b1]
C  [jli.dll+0x5207]
C  [ucrtbase.dll+0x29333]
C  [KERNEL32.DLL+0x1259d]
C  [ntdll.dll+0x5af38]


---------------  P R O C E S S  ---------------

Threads class SMR info:
_java_thread_list=0x0000014fc0088db0, length=0, elements={
}

Java Threads: ( => current thread )

Other Threads:
  0x0000014fc037a000 GCTaskThread "GC Thread#0" [stack: 0x0000002e91200000,0x0000002e91300000] [id=4708]
  0x0000014fc03d8000 ConcurrentGCThread "G1 Main Marker" [stack: 0x0000002e91300000,0x0000002e91400000] [id=20148]
  0x0000014fc03da000 ConcurrentGCThread "G1 Conc#0" [stack: 0x0000002e91400000,0x0000002e91500000] [id=27436]

[error occurred during error reporting (printing all threads), id 0xc0000005, EXCEPTION_ACCESS_VIOLATION (0xc0000005) at pc=0x00007ffa10523ef7]

VM state:not at safepoint (not fully initialized)

VM Mutex/Monitor currently owned by a thread:  ([mutex/lock_event])
[0x0000014fc035d300] Heap_lock - owner thread: 0x0000014fc0361000

Heap address: 0x0000000704a00000, size: 4022 MB, Compressed Oops mode: Non-zero based: 0x0000000704a00000
Narrow klass base: 0x0000000000000000, Narrow klass shift: 0

GC Heap History (0 events):
No events

Deoptimization events (0 events):
No events

Classes redefined (0 events):
No events

Internal exceptions (0 events):
No events

Events (1 events):
Event: 0.004 Loaded shared library C:\Program Files\Unity\Hub\Editor\2022.3.40f1\Editor\Data\PlaybackEngines\AndroidPlayer\OpenJDK\bin\zip.dll


Dynamic libraries:
0x00007ff613940000 - 0x00007ff61394d000 	C:\Program Files\Unity\Hub\Editor\2022.3.40f1\Editor\Data\PlaybackEngines\AndroidPlayer\OpenJDK\bin\java.exe
0x00007ffaf5610000 - 0x00007ffaf5827000 	C:\Windows\SYSTEM32\ntdll.dll
0x00007ffaf4cd0000 - 0x00007ffaf4d94000 	C:\Windows\System32\KERNEL32.DLL
0x00007ffaf28e0000 - 0x00007ffaf2c9a000 	C:\Windows\System32\KERNELBASE.dll
0x00007ffaf2f10000 - 0x00007ffaf3021000 	C:\Windows\System32\ucrtbase.dll
0x00007ffae72b0000 - 0x00007ffae72c7000 	C:\Program Files\Unity\Hub\Editor\2022.3.40f1\Editor\Data\PlaybackEngines\AndroidPlayer\OpenJDK\bin\jli.dll
0x00007ffae0380000 - 0x00007ffae0395000 	C:\Program Files\Unity\Hub\Editor\2022.3.40f1\Editor\Data\PlaybackEngines\AndroidPlayer\OpenJDK\bin\VCRUNTIME140.dll
0x00007ffaf3e20000 - 0x00007ffaf3fce000 	C:\Windows\System32\USER32.dll
0x00007ffaf2e40000 - 0x00007ffaf2e66000 	C:\Windows\System32\win32u.dll
0x00007ffaf5140000 - 0x00007ffaf5169000 	C:\Windows\System32\GDI32.dll
0x00007ffaf1c40000 - 0x00007ffaf1ed2000 	C:\Windows\WinSxS\amd64_microsoft.windows.common-controls_6595b64144ccf1df_6.0.22621.4541_none_2710d1c57384c085\COMCTL32.dll
0x00007ffaf3130000 - 0x00007ffaf324b000 	C:\Windows\System32\gdi32full.dll
0x00007ffaf2e70000 - 0x00007ffaf2f0a000 	C:\Windows\System32\msvcp_win.dll
0x00007ffaf4110000 - 0x00007ffaf41b7000 	C:\Windows\System32\msvcrt.dll
0x00007ffaf40d0000 - 0x00007ffaf4101000 	C:\Windows\System32\IMM32.DLL
0x00007ffad8f10000 - 0x00007ffad8fab000 	C:\Program Files\Unity\Hub\Editor\2022.3.40f1\Editor\Data\PlaybackEngines\AndroidPlayer\OpenJDK\bin\msvcp140.dll
0x00007ffa10230000 - 0x00007ffa10db1000 	C:\Program Files\Unity\Hub\Editor\2022.3.40f1\Editor\Data\PlaybackEngines\AndroidPlayer\OpenJDK\bin\server\jvm.dll
0x00007ffaf5180000 - 0x00007ffaf5232000 	C:\Windows\System32\ADVAPI32.dll
0x00007ffaf41c0000 - 0x00007ffaf4267000 	C:\Windows\System32\sechost.dll
0x00007ffaf2ca0000 - 0x00007ffaf2cc8000 	C:\Windows\System32\bcrypt.dll
0x00007ffaf4da0000 - 0x00007ffaf4eb4000 	C:\Windows\System32\RPCRT4.dll
0x00007ffaf36a0000 - 0x00007ffaf36a8000 	C:\Windows\System32\PSAPI.DLL
0x00007ffae75e0000 - 0x00007ffae7614000 	C:\Windows\SYSTEM32\WINMM.dll
0x00007ffae9470000 - 0x00007ffae9479000 	C:\Windows\SYSTEM32\WSOCK32.dll
0x00007ffaf1200000 - 0x00007ffaf120a000 	C:\Windows\SYSTEM32\VERSION.dll
0x00007ffaf4f50000 - 0x00007ffaf4fc1000 	C:\Windows\System32\WS2_32.dll
0x00007ffaf09e0000 - 0x00007ffaf09f8000 	C:\Windows\SYSTEM32\kernel.appcore.dll
0x00007ffae7450000 - 0x00007ffae7460000 	C:\Program Files\Unity\Hub\Editor\2022.3.40f1\Editor\Data\PlaybackEngines\AndroidPlayer\OpenJDK\bin\verify.dll
0x00007ffaf2240000 - 0x00007ffaf2472000 	C:\Windows\SYSTEM32\DBGHELP.DLL
0x00007ffaf3310000 - 0x00007ffaf369f000 	C:\Windows\System32\combase.dll
0x00007ffaf4270000 - 0x00007ffaf4347000 	C:\Windows\System32\OLEAUT32.dll
0x00007ffaf20e0000 - 0x00007ffaf2112000 	C:\Windows\SYSTEM32\dbgcore.DLL
0x00007ffaf30b0000 - 0x00007ffaf312b000 	C:\Windows\System32\bcryptPrimitives.dll
0x00007ffae0350000 - 0x00007ffae0378000 	C:\Program Files\Unity\Hub\Editor\2022.3.40f1\Editor\Data\PlaybackEngines\AndroidPlayer\OpenJDK\bin\java.dll
0x00007ffae72a0000 - 0x00007ffae72aa000 	C:\Program Files\Unity\Hub\Editor\2022.3.40f1\Editor\Data\PlaybackEngines\AndroidPlayer\OpenJDK\bin\jimage.dll
0x00007ffae0330000 - 0x00007ffae0348000 	C:\Program Files\Unity\Hub\Editor\2022.3.40f1\Editor\Data\PlaybackEngines\AndroidPlayer\OpenJDK\bin\zip.dll

dbghelp: loaded successfully - version: 4.0.5 - missing functions: none
symbol engine: initialized successfully - sym options: 0x614 - pdb path: .;C:\Program Files\Unity\Hub\Editor\2022.3.40f1\Editor\Data\PlaybackEngines\AndroidPlayer\OpenJDK\bin;C:\Windows\SYSTEM32;C:\Windows\WinSxS\amd64_microsoft.windows.common-controls_6595b64144ccf1df_6.0.22621.4541_none_2710d1c57384c085;C:\Program Files\Unity\Hub\Editor\2022.3.40f1\Editor\Data\PlaybackEngines\AndroidPlayer\OpenJDK\bin\server

VM Arguments:
jvm_args: -Dcom.android.sdklib.toolsdir=C:\Program Files\Unity\Hub\Editor\2022.3.40f1\Editor\Data\PlaybackEngines\AndroidPlayer\SDK\cmdline-tools\6.0\bin\\.. 
java_command: com.android.sdklib.tool.sdkmanager.SdkManagerCli --list
java_class_path (initial): C:\Program Files\Unity\Hub\Editor\2022.3.40f1\Editor\Data\PlaybackEngines\AndroidPlayer\SDK\cmdline-tools\6.0\bin\..\lib\sdkmanager-classpath.jar
Launcher Type: SUN_STANDARD

[Global flags]
     intx CICompilerCount                          = 12                                        {product} {ergonomic}
     uint ConcGCThreads                            = 3                                         {product} {ergonomic}
     uint G1ConcRefinementThreads                  = 13                                        {product} {ergonomic}
   size_t G1HeapRegionSize                         = 1048576                                   {product} {ergonomic}
    uintx GCDrainStackTargetSize                   = 64                                        {product} {ergonomic}
   size_t InitialHeapSize                          = 264241152                                 {product} {ergonomic}
   size_t MarkStackSize                            = 4194304                                   {product} {ergonomic}
   size_t MaxHeapSize                              = 4217372672                                {product} {ergonomic}
   size_t MinHeapDeltaBytes                        = 1048576                                   {product} {ergonomic}
    uintx NonNMethodCodeHeapSize                   = 7594288                                {pd product} {ergonomic}
    uintx NonProfiledCodeHeapSize                  = 122031976                              {pd product} {ergonomic}
    uintx ProfiledCodeHeapSize                     = 122031976                              {pd product} {ergonomic}
    uintx ReservedCodeCacheSize                    = 251658240                              {pd product} {ergonomic}
     bool SegmentedCodeCache                       = true                                      {product} {ergonomic}
     bool UseCompressedClassPointers               = true                                 {lp64_product} {ergonomic}
     bool UseCompressedOops                        = true                                 {lp64_product} {ergonomic}
     bool UseG1GC                                  = true                                      {product} {ergonomic}
     bool UseLargePagesIndividualAllocation        = false                                  {pd product} {ergonomic}

Logging:
Log output configuration:
 #0: stdout all=warning uptime,level,tags
 #1: stderr all=off uptime,level,tags

Environment Variables:
JAVA_HOME=C:\Program Files\Unity\Hub\Editor\2022.3.40f1\Editor\Data\PlaybackEngines\AndroidPlayer\OpenJDK
CLASSPATH=C:\Program Files\Unity\Hub\Editor\2022.3.40f1\Editor\Data\PlaybackEngines\AndroidPlayer\SDK\cmdline-tools\6.0\bin\..\lib\sdkmanager-classpath.jar
PATH=C:\Program Files\Oculus\Support\oculus-runtime;C:\Windows\system32;C:\Windows;C:\Windows\System32\Wbem;C:\Windows\System32\WindowsPowerShell\v1.0\;C:\Windows\System32\OpenSSH\;C:\Program Files\Git\cmd;C:\Program Files\dotnet\;C:\Users\Alexander\AppData\Local\Microsoft\WindowsApps;C:\Users\Alexander\AppData\Local\GitHubDesktop\bin;C:\Users\Alexander\AppData\Local\Muse Hub\lib
USERNAME=Alexander
OS=Windows_NT
PROCESSOR_IDENTIFIER=Intel64 Family 6 Model 186 Stepping 2, GenuineIntel



---------------  S Y S T E M  ---------------

OS: Windows 11 , 64 bit Build 22621 (10.0.22621.4391)
OS uptime: 0 days 23:56 hours
Hyper-V role detected

CPU:total 16 (initial active 16) (8 cores per cpu, 2 threads per core) family 6 model 186 stepping 2 microcode 0x410e, cmov, cx8, fxsr, mmx, sse, sse2, sse3, ssse3, sse4.1, sse4.2, popcnt, avx, avx2, aes, clmul, erms, 3dnowpref, lzcnt, ht, tsc, tscinvbit, bmi1, bmi2, adx, sha, fma

Memory: 4k page, system-wide physical 16087M (29M free)
TotalPageFile size 65239M (AvailPageFile size 203M)
current process WorkingSet (physical memory assigned to process): 11M, peak: 11M
current process commit charge ("private bytes"): 71M, peak: 323M

vm_info: OpenJDK 64-Bit Server VM (11.0.14.1+1) for windows-amd64 JRE (11.0.14.1+1), built on Feb  9 2022 01:48:27 by "" with unknown MS VC++:1916

END.
